# JRE version: OpenJDK Runtime Environment (8.0_242-b01) (build 1.8.0_242-release-1644-b01)
# Java VM: OpenJDK 64-Bit Server VM (25.242-b01 mixed mode windows-amd64 compressed oops)
Heap:
 PSYoungGen      total 422912K, used 194335K [0x00000000e0000000, 0x0000000100000000, 0x0000000100000000)
  eden space 321536K, 45% used [0x00000000e0000000,0x00000000e8e24c30,0x00000000f3a00000)
  from space 101376K, 48% used [0x00000000f3a00000,0x00000000f69a3128,0x00000000f9d00000)
  to   space 98304K, 37% used [0x00000000fa000000,0x00000000fc3d9048,0x0000000100000000)
 ParOldGen       total 570368K, used 316233K [0x00000000a0000000, 0x00000000c2d00000, 0x00000000e0000000)
  object space 570368K, 55% used [0x00000000a0000000,0x00000000b34d24d8,0x00000000c2d00000)
 Metaspace       used 167718K, capacity 175782K, committed 175832K, reserved 1206272K
  class space    used 21330K, capacity 22972K, committed 23000K, reserved 1048576K
GC Heap History (10 events):
Event: 8273.961 GC heap before
{Heap before GC invocations=43 (full 6):
 PSYoungGen      total 402944K, used 328197K [0x00000000e0000000, 0x00000000ff680000, 0x0000000100000000)
  eden space 300544K, 100% used [0x00000000e0000000,0x00000000f2580000,0x00000000f2580000)
  from space 102400K, 27% used [0x00000000f9280000,0x00000000fad81590,0x00000000ff680000)
  to   space 107008K, 0% used [0x00000000f2580000,0x00000000f2580000,0x00000000f8e00000)
 ParOldGen       total 570368K, used 316193K [0x00000000a0000000, 0x00000000c2d00000, 0x00000000e0000000)
  object space 570368K, 55% used [0x00000000a0000000,0x00000000b34c84d8,0x00000000c2d00000)
 Metaspace       used 148063K, capacity 154904K, committed 155096K, reserved 1183744K
  class space    used 19042K, capacity 20358K, committed 20440K, reserved 1048576K
Event: 8273.993 GC heap after
Heap after GC invocations=43 (full 6):
 PSYoungGen      total 407552K, used 19620K [0x00000000e0000000, 0x00000000ffe80000, 0x0000000100000000)
  eden space 300544K, 0% used [0x00000000e0000000,0x00000000e0000000,0x00000000f2580000)
  from space 107008K, 18% used [0x00000000f2580000,0x00000000f38a9230,0x00000000f8e00000)
  to   space 103936K, 0% used [0x00000000f9900000,0x00000000f9900000,0x00000000ffe80000)
 ParOldGen       total 570368K, used 316201K [0x00000000a0000000, 0x00000000c2d00000, 0x00000000e0000000)
  object space 570368K, 55% used [0x00000000a0000000,0x00000000b34ca4d8,0x00000000c2d00000)
 Metaspace       used 148063K, capacity 154904K, committed 155096K, reserved 1183744K
  class space    used 19042K, capacity 20358K, committed 20440K, reserved 1048576K
}
Event: 8871.375 GC heap before
{Heap before GC invocations=44 (full 6):
 PSYoungGen      total 407552K, used 320164K [0x00000000e0000000, 0x00000000ffe80000, 0x0000000100000000)
  eden space 300544K, 100% used [0x00000000e0000000,0x00000000f2580000,0x00000000f2580000)
  from space 107008K, 18% used [0x00000000f2580000,0x00000000f38a9230,0x00000000f8e00000)
  to   space 103936K, 0% used [0x00000000f9900000,0x00000000f9900000,0x00000000ffe80000)
 ParOldGen       total 570368K, used 316201K [0x00000000a0000000, 0x00000000c2d00000, 0x00000000e0000000)
  object space 570368K, 55% used [0x00000000a0000000,0x00000000b34ca4d8,0x00000000c2d00000)
 Metaspace       used 153532K, capacity 160878K, committed 160984K, reserved 1189888K
  class space    used 19669K, capacity 21122K, committed 21208K, reserved 1048576K
Event: 8872.159 GC heap after
Heap after GC invocations=44 (full 6):
 PSYoungGen      total 407552K, used 28437K [0x00000000e0000000, 0x00000000ff500000, 0x0000000100000000)
  eden space 313344K, 0% used [0x00000000e0000000,0x00000000e0000000,0x00000000f3200000)
  from space 94208K, 30% used [0x00000000f9900000,0x00000000fb4c5748,0x00000000ff500000)
  to   space 99840K, 0% used [0x00000000f3200000,0x00000000f3200000,0x00000000f9380000)
 ParOldGen       total 570368K, used 316209K [0x00000000a0000000, 0x00000000c2d00000, 0x00000000e0000000)
  object space 570368K, 55% used [0x00000000a0000000,0x00000000b34cc4d8,0x00000000c2d00000)
 Metaspace       used 153532K, capacity 160878K, committed 160984K, reserved 1189888K
  class space    used 19669K, capacity 21122K, committed 21208K, reserved 1048576K
}
Event: 9154.065 GC heap before
{Heap before GC invocations=45 (full 6):
 PSYoungGen      total 407552K, used 341781K [0x00000000e0000000, 0x00000000ff500000, 0x0000000100000000)
  eden space 313344K, 100% used [0x00000000e0000000,0x00000000f3200000,0x00000000f3200000)
  from space 94208K, 30% used [0x00000000f9900000,0x00000000fb4c5748,0x00000000ff500000)
  to   space 99840K, 0% used [0x00000000f3200000,0x00000000f3200000,0x00000000f9380000)
 ParOldGen       total 570368K, used 316209K [0x00000000a0000000, 0x00000000c2d00000, 0x00000000e0000000)
  object space 570368K, 55% used [0x00000000a0000000,0x00000000b34cc4d8,0x00000000c2d00000)
 Metaspace       used 160433K, capacity 168456K, committed 168664K, reserved 1196032K
  class space    used 20569K, capacity 22159K, committed 22232K, reserved 1048576K
Event: 9154.263 GC heap after
Heap after GC invocations=45 (full 6):
 PSYoungGen      total 413184K, used 33506K [0x00000000e0000000, 0x00000000ffa00000, 0x0000000100000000)
  eden space 313344K, 0% used [0x00000000e0000000,0x00000000e0000000,0x00000000f3200000)
  from space 99840K, 33% used [0x00000000f3200000,0x00000000f52b8938,0x00000000f9380000)
  to   space 94208K, 0% used [0x00000000f9e00000,0x00000000f9e00000,0x00000000ffa00000)
 ParOldGen       total 570368K, used 316217K [0x00000000a0000000, 0x00000000c2d00000, 0x00000000e0000000)
  object space 570368K, 55% used [0x00000000a0000000,0x00000000b34ce4d8,0x00000000c2d00000)
 Metaspace       used 160433K, capacity 168456K, committed 168664K, reserved 1196032K
  class space    used 20569K, capacity 22159K, committed 22232K, reserved 1048576K
}
Event: 9181.667 GC heap before
{Heap before GC invocations=46 (full 6):
 PSYoungGen      total 413184K, used 346850K [0x00000000e0000000, 0x00000000ffa00000, 0x0000000100000000)
  eden space 313344K, 100% used [0x00000000e0000000,0x00000000f3200000,0x00000000f3200000)
  from space 99840K, 33% used [0x00000000f3200000,0x00000000f52b8938,0x00000000f9380000)
  to   space 94208K, 0% used [0x00000000f9e00000,0x00000000f9e00000,0x00000000ffa00000)
 ParOldGen       total 570368K, used 316217K [0x00000000a0000000, 0x00000000c2d00000, 0x00000000e0000000)
  object space 570368K, 55% used [0x00000000a0000000,0x00000000b34ce4d8,0x00000000c2d00000)
 Metaspace       used 160821K, capacity 168860K, committed 168920K, reserved 1196032K
  class space    used 20591K, capacity 22213K, committed 22232K, reserved 1048576K
Event: 9181.775 GC heap after
Heap after GC invocations=46 (full 6):
 PSYoungGen      total 415744K, used 72519K [0x00000000e0000000, 0x0000000100000000, 0x0000000100000000)
  eden space 321536K, 0% used [0x00000000e0000000,0x00000000e0000000,0x00000000f3a00000)
  from space 94208K, 76% used [0x00000000f9e00000,0x00000000fe4d1fa8,0x00000000ffa00000)
  to   space 101376K, 0% used [0x00000000f3a00000,0x00000000f3a00000,0x00000000f9d00000)
 ParOldGen       total 570368K, used 316225K [0x00000000a0000000, 0x00000000c2d00000, 0x00000000e0000000)
  object space 570368K, 55% used [0x00000000a0000000,0x00000000b34d04d8,0x00000000c2d00000)
 Metaspace       used 160821K, capacity 168860K, committed 168920K, reserved 1196032K
  class space    used 20591K, capacity 22213K, committed 22232K, reserved 1048576K
}
Event: 9319.091 GC heap before
{Heap before GC invocations=47 (full 6):
 PSYoungGen      total 415744K, used 394055K [0x00000000e0000000, 0x0000000100000000, 0x0000000100000000)
  eden space 321536K, 100% used [0x00000000e0000000,0x00000000f3a00000,0x00000000f3a00000)
  from space 94208K, 76% used [0x00000000f9e00000,0x00000000fe4d1fa8,0x00000000ffa00000)
  to   space 101376K, 0% used [0x00000000f3a00000,0x00000000f3a00000,0x00000000f9d00000)
 ParOldGen       total 570368K, used 316225K [0x00000000a0000000, 0x00000000c2d00000, 0x00000000e0000000)
  object space 570368K, 55% used [0x00000000a0000000,0x00000000b34d04d8,0x00000000c2d00000)
 Metaspace       used 161107K, capacity 169204K, committed 169432K, reserved 1196032K
  class space    used 20600K, capacity 22227K, committed 22232K, reserved 1048576K
Event: 9319.160 GC heap after
Heap after GC invocations=47 (full 6):
 PSYoungGen      total 422912K, used 48780K [0x00000000e0000000, 0x0000000100000000, 0x0000000100000000)
  eden space 321536K, 0% used [0x00000000e0000000,0x00000000e0000000,0x00000000f3a00000)
  from space 101376K, 48% used [0x00000000f3a00000,0x00000000f69a3128,0x00000000f9d00000)
  to   space 98304K, 0% used [0x00000000fa000000,0x00000000fa000000,0x0000000100000000)
 ParOldGen       total 570368K, used 316233K [0x00000000a0000000, 0x00000000c2d00000, 0x00000000e0000000)
  object space 570368K, 55% used [0x00000000a0000000,0x00000000b34d24d8,0x00000000c2d00000)
 Metaspace       used 161107K, capacity 169204K, committed 169432K, reserved 1196032K
  class space    used 20600K, capacity 22227K, committed 22232K, reserved 1048576K
}

